2024-03-17 08:16:26: Starting z_process_to-be-sorted.sh
2024-03-17 08:16:26: ------
2024-03-17 08:16:26: Processing file: to-be-sorted/10Swirl0Frame.png
2024-03-17 08:16:26: Error: horizontal_xCenter not found in description
2024-03-17 08:16:26: Error: vertical_yCenter not found in description
2024-03-17 08:16:26: Error: Missing xCenter or yCenter for to-be-sorted/10Swirl0Frame.png
2024-03-17 08:16:26: Moved to-be-sorted/10Swirl0Frame.png to brucehjohnson/MAPPED_NOT/10Swirl0Frame.png
2024-03-17 08:16:26: ------
2024-03-17 08:16:26: Processing file: to-be-sorted/10Swirl1Frame.png
2024-03-17 08:16:26: Error: horizontal_xCenter not found in description
2024-03-17 08:16:26: Error: vertical_yCenter not found in description
2024-03-17 08:16:26: Error: Missing xCenter or yCenter for to-be-sorted/10Swirl1Frame.png
2024-03-17 08:16:26: Moved to-be-sorted/10Swirl1Frame.png to brucehjohnson/MAPPED_NOT/10Swirl1Frame.png
2024-03-17 08:16:26: ------
2024-03-17 08:16:26: Processing file: to-be-sorted/10Swirl2Frame.png
2024-03-17 08:16:26: Error: horizontal_xCenter not found in description
2024-03-17 08:16:27: Error: vertical_yCenter not found in description
2024-03-17 08:16:27: Error: Missing xCenter or yCenter for to-be-sorted/10Swirl2Frame.png
2024-03-17 08:16:27: Moved to-be-sorted/10Swirl2Frame.png to brucehjohnson/MAPPED_NOT/10Swirl2Frame.png
2024-03-17 08:16:27: ------
2024-03-17 08:16:27: Processing file: to-be-sorted/AAA.png
2024-03-17 08:16:27: Error: horizontal_xCenter not found in description
2024-03-17 08:16:27: Error: vertical_yCenter not found in description
2024-03-17 08:16:27: Error: Missing xCenter or yCenter for to-be-sorted/AAA.png
2024-03-17 08:16:27: Moved to-be-sorted/AAA.png to brucehjohnson/MAPPED_NOT/AAA.png
2024-03-17 08:16:27: ------
2024-03-17 08:16:27: Processing file: to-be-sorted/AAA04.png
2024-03-17 08:16:27: Error: horizontal_xCenter not found in description
2024-03-17 08:16:27: Error: vertical_yCenter not found in description
2024-03-17 08:16:27: Error: Missing xCenter or yCenter for to-be-sorted/AAA04.png
2024-03-17 08:16:27: Moved to-be-sorted/AAA04.png to brucehjohnson/MAPPED_NOT/AAA04.png
2024-03-17 08:16:27: ------
2024-03-17 08:16:27: Processing file: to-be-sorted/AAA06.png
2024-03-17 08:16:27: Error: horizontal_xCenter not found in description
2024-03-17 08:16:27: Error: vertical_yCenter not found in description
2024-03-17 08:16:27: Error: Missing xCenter or yCenter for to-be-sorted/AAA06.png
2024-03-17 08:16:27: Moved to-be-sorted/AAA06.png to brucehjohnson/MAPPED_NOT/AAA06.png
2024-03-17 08:16:27: ------
2024-03-17 08:16:27: Processing file: to-be-sorted/AAA1.png
2024-03-17 08:16:27: Error: horizontal_xCenter not found in description
2024-03-17 08:16:27: Error: vertical_yCenter not found in description
2024-03-17 08:16:27: Error: Missing xCenter or yCenter for to-be-sorted/AAA1.png
2024-03-17 08:16:27: Moved to-be-sorted/AAA1.png to brucehjohnson/MAPPED_NOT/AAA1.png
2024-03-17 08:16:27: ------
2024-03-17 08:16:27: Processing file: to-be-sorted/AAA10.png
2024-03-17 08:16:27: Error: horizontal_xCenter not found in description
2024-03-17 08:16:27: Error: vertical_yCenter not found in description
2024-03-17 08:16:27: Error: Missing xCenter or yCenter for to-be-sorted/AAA10.png
2024-03-17 08:16:27: Moved to-be-sorted/AAA10.png to brucehjohnson/MAPPED_NOT/AAA10.png
2024-03-17 08:16:27: ------
2024-03-17 08:16:27: Processing file: to-be-sorted/AAA12.png
2024-03-17 08:16:27: Error: horizontal_xCenter not found in description
2024-03-17 08:16:27: Error: vertical_yCenter not found in description
2024-03-17 08:16:27: Error: Missing xCenter or yCenter for to-be-sorted/AAA12.png
2024-03-17 08:16:27: Moved to-be-sorted/AAA12.png to brucehjohnson/MAPPED_NOT/AAA12.png
2024-03-17 08:16:27: ------
2024-03-17 08:16:27: Processing file: to-be-sorted/AAA13.png
2024-03-17 08:16:27: Error: horizontal_xCenter not found in description
2024-03-17 08:16:27: Error: vertical_yCenter not found in description
2024-03-17 08:16:27: Error: Missing xCenter or yCenter for to-be-sorted/AAA13.png
2024-03-17 08:16:27: Moved to-be-sorted/AAA13.png to brucehjohnson/MAPPED_NOT/AAA13.png
2024-03-17 08:16:27: ------
2024-03-17 08:16:27: Processing file: to-be-sorted/AAA2.png
2024-03-17 08:16:28: Error: horizontal_xCenter not found in description
2024-03-17 08:16:28: Error: vertical_yCenter not found in description
2024-03-17 08:16:28: Error: Missing xCenter or yCenter for to-be-sorted/AAA2.png
2024-03-17 08:16:28: Moved to-be-sorted/AAA2.png to brucehjohnson/MAPPED_NOT/AAA2.png
2024-03-17 08:16:28: ------
2024-03-17 08:16:28: Processing file: to-be-sorted/AAA3.png
2024-03-17 08:16:28: Error: horizontal_xCenter not found in description
2024-03-17 08:16:28: Error: vertical_yCenter not found in description
2024-03-17 08:16:28: Error: Missing xCenter or yCenter for to-be-sorted/AAA3.png
2024-03-17 08:16:28: Moved to-be-sorted/AAA3.png to brucehjohnson/MAPPED_NOT/AAA3.png
2024-03-17 08:16:28: ------
2024-03-17 08:16:28: Processing file: to-be-sorted/AAA4copy.png
2024-03-17 08:16:28: Error: horizontal_xCenter not found in description
2024-03-17 08:16:28: Error: vertical_yCenter not found in description
2024-03-17 08:16:28: Error: Missing xCenter or yCenter for to-be-sorted/AAA4copy.png
2024-03-17 08:16:28: Moved to-be-sorted/AAA4copy.png to brucehjohnson/MAPPED_NOT/AAA4copy.png
2024-03-17 08:16:28: ------
2024-03-17 08:16:28: Processing file: to-be-sorted/AAA5.png
2024-03-17 08:16:28: Error: horizontal_xCenter not found in description
2024-03-17 08:16:28: Error: vertical_yCenter not found in description
2024-03-17 08:16:28: Error: Missing xCenter or yCenter for to-be-sorted/AAA5.png
2024-03-17 08:16:28: Moved to-be-sorted/AAA5.png to brucehjohnson/MAPPED_NOT/AAA5.png
2024-03-17 08:16:28: ------
2024-03-17 08:16:28: Processing file: to-be-sorted/AAA6copy.png
2024-03-17 08:16:28: Error: horizontal_xCenter not found in description
2024-03-17 08:16:28: Error: vertical_yCenter not found in description
2024-03-17 08:16:28: Error: Missing xCenter or yCenter for to-be-sorted/AAA6copy.png
2024-03-17 08:16:28: Moved to-be-sorted/AAA6copy.png to brucehjohnson/MAPPED_NOT/AAA6copy.png
2024-03-17 08:16:28: ------
2024-03-17 08:16:28: Processing file: to-be-sorted/AAA9.png
2024-03-17 08:16:28: Error: horizontal_xCenter not found in description
2024-03-17 08:16:28: Error: vertical_yCenter not found in description
2024-03-17 08:16:28: Error: Missing xCenter or yCenter for to-be-sorted/AAA9.png
2024-03-17 08:16:28: Moved to-be-sorted/AAA9.png to brucehjohnson/MAPPED_NOT/AAA9.png
2024-03-17 08:16:28: ------
2024-03-17 08:16:28: Processing file: to-be-sorted/AAAcopy.png
2024-03-17 08:16:28: Error: horizontal_xCenter not found in description
2024-03-17 08:16:28: Error: vertical_yCenter not found in description
2024-03-17 08:16:28: Error: Missing xCenter or yCenter for to-be-sorted/AAAcopy.png
2024-03-17 08:16:28: Moved to-be-sorted/AAAcopy.png to brucehjohnson/MAPPED_NOT/AAAcopy.png
2024-03-17 08:16:28: ------
2024-03-17 08:16:28: Processing file: to-be-sorted/AAB.png
2024-03-17 08:16:29: Error: horizontal_xCenter not found in description
2024-03-17 08:16:29: Error: vertical_yCenter not found in description
2024-03-17 08:16:29: Error: Missing xCenter or yCenter for to-be-sorted/AAB.png
2024-03-17 08:16:29: Moved to-be-sorted/AAB.png to brucehjohnson/MAPPED_NOT/AAB.png
2024-03-17 08:16:29: ------
2024-03-17 08:16:29: Processing file: to-be-sorted/AAB1.png
2024-03-17 08:16:29: Error: horizontal_xCenter not found in description
2024-03-17 08:16:29: Error: vertical_yCenter not found in description
2024-03-17 08:16:29: Error: Missing xCenter or yCenter for to-be-sorted/AAB1.png
2024-03-17 08:16:29: Moved to-be-sorted/AAB1.png to brucehjohnson/MAPPED_NOT/AAB1.png
2024-03-17 08:16:29: ------
2024-03-17 08:16:29: Processing file: to-be-sorted/AAB2.png
2024-03-17 08:16:29: Error: horizontal_xCenter not found in description
2024-03-17 08:16:29: Error: vertical_yCenter not found in description
2024-03-17 08:16:29: Error: Missing xCenter or yCenter for to-be-sorted/AAB2.png
2024-03-17 08:16:29: Moved to-be-sorted/AAB2.png to brucehjohnson/MAPPED_NOT/AAB2.png
2024-03-17 08:16:29: ------
2024-03-17 08:16:29: Processing file: to-be-sorted/AAB3.png
2024-03-17 08:16:29: Error: horizontal_xCenter not found in description
2024-03-17 08:16:29: Error: vertical_yCenter not found in description
2024-03-17 08:16:29: Error: Missing xCenter or yCenter for to-be-sorted/AAB3.png
2024-03-17 08:16:29: Moved to-be-sorted/AAB3.png to brucehjohnson/MAPPED_NOT/AAB3.png
2024-03-17 08:16:29: ------
2024-03-17 08:16:29: Processing file: to-be-sorted/AAC.png
2024-03-17 08:16:29: Error: horizontal_xCenter not found in description
2024-03-17 08:16:29: Error: vertical_yCenter not found in description
2024-03-17 08:16:29: Error: Missing xCenter or yCenter for to-be-sorted/AAC.png
2024-03-17 08:16:29: Moved to-be-sorted/AAC.png to brucehjohnson/MAPPED_NOT/AAC.png
2024-03-17 08:16:29: ------
2024-03-17 08:16:29: Processing file: to-be-sorted/AAC1.png
2024-03-17 08:16:29: Error: horizontal_xCenter not found in description
2024-03-17 08:16:29: Error: vertical_yCenter not found in description
2024-03-17 08:16:29: Error: Missing xCenter or yCenter for to-be-sorted/AAC1.png
2024-03-17 08:16:29: Moved to-be-sorted/AAC1.png to brucehjohnson/MAPPED_NOT/AAC1.png
2024-03-17 08:16:29: ------
2024-03-17 08:16:29: Processing file: to-be-sorted/AAE.png
2024-03-17 08:16:29: Error: horizontal_xCenter not found in description
2024-03-17 08:16:30: Error: vertical_yCenter not found in description
2024-03-17 08:16:30: Error: Missing xCenter or yCenter for to-be-sorted/AAE.png
2024-03-17 08:16:30: Moved to-be-sorted/AAE.png to brucehjohnson/MAPPED_NOT/AAE.png
2024-03-17 08:16:30: ------
2024-03-17 08:16:30: Processing file: to-be-sorted/AAE1.png
2024-03-17 08:16:30: Error: horizontal_xCenter not found in description
2024-03-17 08:16:30: Error: vertical_yCenter not found in description
2024-03-17 08:16:30: Error: Missing xCenter or yCenter for to-be-sorted/AAE1.png
2024-03-17 08:16:30: Moved to-be-sorted/AAE1.png to brucehjohnson/MAPPED_NOT/AAE1.png
2024-03-17 08:16:30: ------
2024-03-17 08:16:30: Processing file: to-be-sorted/AAE2.png
2024-03-17 08:16:30: Error: horizontal_xCenter not found in description
2024-03-17 08:16:30: Error: vertical_yCenter not found in description
2024-03-17 08:16:30: Error: Missing xCenter or yCenter for to-be-sorted/AAE2.png
2024-03-17 08:16:30: Moved to-be-sorted/AAE2.png to brucehjohnson/MAPPED_NOT/AAE2.png
2024-03-17 08:16:30: ------
2024-03-17 08:16:30: Processing file: to-be-sorted/AAE3.png
2024-03-17 08:16:30: Error: horizontal_xCenter not found in description
2024-03-17 08:16:30: Error: vertical_yCenter not found in description
2024-03-17 08:16:30: Error: Missing xCenter or yCenter for to-be-sorted/AAE3.png
2024-03-17 08:16:30: Moved to-be-sorted/AAE3.png to brucehjohnson/MAPPED_NOT/AAE3.png
2024-03-17 08:16:30: ------
2024-03-17 08:16:30: Processing file: to-be-sorted/AAE4.png
2024-03-17 08:16:30: Error: horizontal_xCenter not found in description
2024-03-17 08:16:30: Error: vertical_yCenter not found in description
2024-03-17 08:16:30: Error: Missing xCenter or yCenter for to-be-sorted/AAE4.png
2024-03-17 08:16:30: Moved to-be-sorted/AAE4.png to brucehjohnson/MAPPED_NOT/AAE4.png
2024-03-17 08:16:30: ------
2024-03-17 08:16:30: Processing file: to-be-sorted/AAE5.png
2024-03-17 08:16:30: Error: horizontal_xCenter not found in description
2024-03-17 08:16:30: Error: vertical_yCenter not found in description
2024-03-17 08:16:30: Error: Missing xCenter or yCenter for to-be-sorted/AAE5.png
2024-03-17 08:16:30: Moved to-be-sorted/AAE5.png to brucehjohnson/MAPPED_NOT/AAE5.png
2024-03-17 08:16:30: ------
2024-03-17 08:16:30: Processing file: to-be-sorted/AAF.png
2024-03-17 08:16:30: Error: horizontal_xCenter not found in description
2024-03-17 08:16:30: Error: vertical_yCenter not found in description
2024-03-17 08:16:30: Error: Missing xCenter or yCenter for to-be-sorted/AAF.png
2024-03-17 08:16:30: Moved to-be-sorted/AAF.png to brucehjohnson/MAPPED_NOT/AAF.png
2024-03-17 08:16:30: ------
2024-03-17 08:16:30: Processing file: to-be-sorted/AAF1.png
2024-03-17 08:16:30: Error: horizontal_xCenter not found in description
2024-03-17 08:16:31: Error: vertical_yCenter not found in description
2024-03-17 08:16:31: Error: Missing xCenter or yCenter for to-be-sorted/AAF1.png
2024-03-17 08:16:31: Moved to-be-sorted/AAF1.png to brucehjohnson/MAPPED_NOT/AAF1.png
2024-03-17 08:16:31: ------
2024-03-17 08:16:31: Processing file: to-be-sorted/AAF2.png
2024-03-17 08:16:31: Error: horizontal_xCenter not found in description
2024-03-17 08:16:31: Error: vertical_yCenter not found in description
2024-03-17 08:16:31: Error: Missing xCenter or yCenter for to-be-sorted/AAF2.png
2024-03-17 08:16:31: Moved to-be-sorted/AAF2.png to brucehjohnson/MAPPED_NOT/AAF2.png
2024-03-17 08:16:31: ------
2024-03-17 08:16:31: Processing file: to-be-sorted/AAF3.png
2024-03-17 08:16:31: Error: horizontal_xCenter not found in description
2024-03-17 08:16:31: Error: vertical_yCenter not found in description
2024-03-17 08:16:31: Error: Missing xCenter or yCenter for to-be-sorted/AAF3.png
2024-03-17 08:16:31: Moved to-be-sorted/AAF3.png to brucehjohnson/MAPPED_NOT/AAF3.png
2024-03-17 08:16:31: ------
2024-03-17 08:16:31: Processing file: to-be-sorted/AAF4.png
2024-03-17 08:16:31: Error: horizontal_xCenter not found in description
2024-03-17 08:16:31: Error: vertical_yCenter not found in description
2024-03-17 08:16:31: Error: Missing xCenter or yCenter for to-be-sorted/AAF4.png
2024-03-17 08:16:31: Moved to-be-sorted/AAF4.png to brucehjohnson/MAPPED_NOT/AAF4.png
2024-03-17 08:16:31: ------
2024-03-17 08:16:31: Processing file: to-be-sorted/AAG.png
2024-03-17 08:16:31: Error: horizontal_xCenter not found in description
2024-03-17 08:16:31: Error: vertical_yCenter not found in description
2024-03-17 08:16:31: Error: Missing xCenter or yCenter for to-be-sorted/AAG.png
2024-03-17 08:16:31: Moved to-be-sorted/AAG.png to brucehjohnson/MAPPED_NOT/AAG.png
2024-03-17 08:16:31: ------
2024-03-17 08:16:31: Processing file: to-be-sorted/AAG1.png
2024-03-17 08:16:31: Error: horizontal_xCenter not found in description
2024-03-17 08:16:31: Error: vertical_yCenter not found in description
2024-03-17 08:16:31: Error: Missing xCenter or yCenter for to-be-sorted/AAG1.png
2024-03-17 08:16:31: Moved to-be-sorted/AAG1.png to brucehjohnson/MAPPED_NOT/AAG1.png
2024-03-17 08:16:31: ------
2024-03-17 08:16:31: Processing file: to-be-sorted/AAG2.png
2024-03-17 08:16:31: Error: horizontal_xCenter not found in description
2024-03-17 08:16:31: Error: vertical_yCenter not found in description
2024-03-17 08:16:31: Error: Missing xCenter or yCenter for to-be-sorted/AAG2.png
2024-03-17 08:16:31: Moved to-be-sorted/AAG2.png to brucehjohnson/MAPPED_NOT/AAG2.png
2024-03-17 08:16:31: ------
2024-03-17 08:16:31: Processing file: to-be-sorted/AAJ.png
2024-03-17 08:16:31: Error: horizontal_xCenter not found in description
2024-03-17 08:16:32: Error: vertical_yCenter not found in description
2024-03-17 08:16:32: Error: Missing xCenter or yCenter for to-be-sorted/AAJ.png
2024-03-17 08:16:32: Moved to-be-sorted/AAJ.png to brucehjohnson/MAPPED_NOT/AAJ.png
2024-03-17 08:16:32: ------
2024-03-17 08:16:32: Processing file: to-be-sorted/AAK.png
2024-03-17 08:16:32: Error: horizontal_xCenter not found in description
2024-03-17 08:16:32: Error: vertical_yCenter not found in description
2024-03-17 08:16:32: Error: Missing xCenter or yCenter for to-be-sorted/AAK.png
2024-03-17 08:16:32: Moved to-be-sorted/AAK.png to brucehjohnson/MAPPED_NOT/AAK.png
2024-03-17 08:16:32: ------
2024-03-17 08:16:32: Processing file: to-be-sorted/AAL.png
2024-03-17 08:16:32: Error: horizontal_xCenter not found in description
2024-03-17 08:16:32: Error: vertical_yCenter not found in description
2024-03-17 08:16:32: Error: Missing xCenter or yCenter for to-be-sorted/AAL.png
2024-03-17 08:16:32: Moved to-be-sorted/AAL.png to brucehjohnson/MAPPED_NOT/AAL.png
2024-03-17 08:16:32: ------
2024-03-17 08:16:32: Processing file: to-be-sorted/Diamonds.png
2024-03-17 08:16:32: Error: horizontal_xCenter not found in description
2024-03-17 08:16:32: Error: vertical_yCenter not found in description
2024-03-17 08:16:32: Error: Missing xCenter or yCenter for to-be-sorted/Diamonds.png
2024-03-17 08:16:32: Moved to-be-sorted/Diamonds.png to brucehjohnson/MAPPED_NOT/Diamonds.png
2024-03-17 08:16:32: ------
2024-03-17 08:16:32: Processing file: to-be-sorted/Dragons.png
2024-03-17 08:16:32: Error: horizontal_xCenter not found in description
2024-03-17 08:16:32: Error: vertical_yCenter not found in description
2024-03-17 08:16:32: Error: Missing xCenter or yCenter for to-be-sorted/Dragons.png
2024-03-17 08:16:32: Moved to-be-sorted/Dragons.png to brucehjohnson/MAPPED_NOT/Dragons.png
2024-03-17 08:16:32: ------
2024-03-17 08:16:32: Processing file: to-be-sorted/ExamplesMailMamdArt06.png
2024-03-17 08:16:32: Error: horizontal_xCenter not found in description
2024-03-17 08:16:32: Error: vertical_yCenter not found in description
2024-03-17 08:16:32: Error: Missing xCenter or yCenter for to-be-sorted/ExamplesMailMamdArt06.png
2024-03-17 08:16:32: Moved to-be-sorted/ExamplesMailMamdArt06.png to brucehjohnson/MAPPED_NOT/ExamplesMailMamdArt06.png
2024-03-17 08:16:32: ------
2024-03-17 08:16:32: Processing file: to-be-sorted/ExamplesMailMandArt01.png
2024-03-17 08:16:33: Error: horizontal_xCenter not found in description
2024-03-17 08:16:33: Error: vertical_yCenter not found in description
2024-03-17 08:16:33: Error: Missing xCenter or yCenter for to-be-sorted/ExamplesMailMandArt01.png
2024-03-17 08:16:33: Moved to-be-sorted/ExamplesMailMandArt01.png to brucehjohnson/MAPPED_NOT/ExamplesMailMandArt01.png
2024-03-17 08:16:33: ------
2024-03-17 08:16:33: Processing file: to-be-sorted/ExamplesMailMandArt02.png
2024-03-17 08:16:33: Error: horizontal_xCenter not found in description
2024-03-17 08:16:33: Error: vertical_yCenter not found in description
2024-03-17 08:16:33: Error: Missing xCenter or yCenter for to-be-sorted/ExamplesMailMandArt02.png
2024-03-17 08:16:33: Moved to-be-sorted/ExamplesMailMandArt02.png to brucehjohnson/MAPPED_NOT/ExamplesMailMandArt02.png
2024-03-17 08:16:33: ------
2024-03-17 08:16:33: Processing file: to-be-sorted/ExamplesMailMandArt03.png
2024-03-17 08:16:33: Error: horizontal_xCenter not found in description
2024-03-17 08:16:33: Error: vertical_yCenter not found in description
2024-03-17 08:16:33: Error: Missing xCenter or yCenter for to-be-sorted/ExamplesMailMandArt03.png
2024-03-17 08:16:33: Moved to-be-sorted/ExamplesMailMandArt03.png to brucehjohnson/MAPPED_NOT/ExamplesMailMandArt03.png
2024-03-17 08:16:33: ------
2024-03-17 08:16:33: Processing file: to-be-sorted/ExamplesMailMandArt04.png
2024-03-17 08:16:33: Error: horizontal_xCenter not found in description
2024-03-17 08:16:33: Error: vertical_yCenter not found in description
2024-03-17 08:16:33: Error: Missing xCenter or yCenter for to-be-sorted/ExamplesMailMandArt04.png
2024-03-17 08:16:33: Moved to-be-sorted/ExamplesMailMandArt04.png to brucehjohnson/MAPPED_NOT/ExamplesMailMandArt04.png
2024-03-17 08:16:33: ------
2024-03-17 08:16:33: Processing file: to-be-sorted/ExamplesMailMandArt05.png
2024-03-17 08:16:33: Error: horizontal_xCenter not found in description
2024-03-17 08:16:33: Error: vertical_yCenter not found in description
2024-03-17 08:16:33: Error: Missing xCenter or yCenter for to-be-sorted/ExamplesMailMandArt05.png
2024-03-17 08:16:33: Moved to-be-sorted/ExamplesMailMandArt05.png to brucehjohnson/MAPPED_NOT/ExamplesMailMandArt05.png
2024-03-17 08:16:33: ------
2024-03-17 08:16:33: Processing file: to-be-sorted/ExamplesMailMandArt07.png
2024-03-17 08:16:33: Error: horizontal_xCenter not found in description
2024-03-17 08:16:33: Error: vertical_yCenter not found in description
2024-03-17 08:16:33: Error: Missing xCenter or yCenter for to-be-sorted/ExamplesMailMandArt07.png
2024-03-17 08:16:33: Moved to-be-sorted/ExamplesMailMandArt07.png to brucehjohnson/MAPPED_NOT/ExamplesMailMandArt07.png
2024-03-17 08:16:33: ------
2024-03-17 08:16:33: Processing file: to-be-sorted/ExamplesMailMandArt08.png
2024-03-17 08:16:33: Error: horizontal_xCenter not found in description
2024-03-17 08:16:33: Error: vertical_yCenter not found in description
2024-03-17 08:16:33: Error: Missing xCenter or yCenter for to-be-sorted/ExamplesMailMandArt08.png
2024-03-17 08:16:33: Moved to-be-sorted/ExamplesMailMandArt08.png to brucehjohnson/MAPPED_NOT/ExamplesMailMandArt08.png
2024-03-17 08:16:33: ------
2024-03-17 08:16:33: Processing file: to-be-sorted/Frame56.png
2024-03-17 08:16:33: Error: horizontal_xCenter not found in description
2024-03-17 08:16:34: Error: vertical_yCenter not found in description
2024-03-17 08:16:34: Error: Missing xCenter or yCenter for to-be-sorted/Frame56.png
2024-03-17 08:16:34: Moved to-be-sorted/Frame56.png to brucehjohnson/MAPPED_NOT/Frame56.png
2024-03-17 08:16:34: ------
2024-03-17 08:16:34: Processing file: to-be-sorted/Frame56_1.png
2024-03-17 08:16:34: Error: horizontal_xCenter not found in description
2024-03-17 08:16:34: Error: vertical_yCenter not found in description
2024-03-17 08:16:34: Error: Missing xCenter or yCenter for to-be-sorted/Frame56_1.png
2024-03-17 08:16:34: Moved to-be-sorted/Frame56_1.png to brucehjohnson/MAPPED_NOT/Frame56_1.png
2024-03-17 08:16:34: ------
2024-03-17 08:16:34: Processing file: to-be-sorted/Frame57.png
2024-03-17 08:16:34: Error: horizontal_xCenter not found in description
2024-03-17 08:16:34: Error: vertical_yCenter not found in description
2024-03-17 08:16:34: Error: Missing xCenter or yCenter for to-be-sorted/Frame57.png
2024-03-17 08:16:34: Moved to-be-sorted/Frame57.png to brucehjohnson/MAPPED_NOT/Frame57.png
2024-03-17 08:16:34: ------
2024-03-17 08:16:34: Processing file: to-be-sorted/Frame57_1.png
2024-03-17 08:16:34: Error: horizontal_xCenter not found in description
2024-03-17 08:16:34: Error: vertical_yCenter not found in description
2024-03-17 08:16:34: Error: Missing xCenter or yCenter for to-be-sorted/Frame57_1.png
2024-03-17 08:16:34: Moved to-be-sorted/Frame57_1.png to brucehjohnson/MAPPED_NOT/Frame57_1.png
2024-03-17 08:16:34: ------
2024-03-17 08:16:34: Processing file: to-be-sorted/Frame58.png
2024-03-17 08:16:34: Error: horizontal_xCenter not found in description
2024-03-17 08:16:34: Error: vertical_yCenter not found in description
2024-03-17 08:16:34: Error: Missing xCenter or yCenter for to-be-sorted/Frame58.png
2024-03-17 08:16:34: Moved to-be-sorted/Frame58.png to brucehjohnson/MAPPED_NOT/Frame58.png
2024-03-17 08:16:34: ------
2024-03-17 08:16:34: Processing file: to-be-sorted/Frame58_1.png
2024-03-17 08:16:34: Error: horizontal_xCenter not found in description
2024-03-17 08:16:34: Error: vertical_yCenter not found in description
2024-03-17 08:16:34: Error: Missing xCenter or yCenter for to-be-sorted/Frame58_1.png
2024-03-17 08:16:34: Moved to-be-sorted/Frame58_1.png to brucehjohnson/MAPPED_NOT/Frame58_1.png
2024-03-17 08:16:34: ------
2024-03-17 08:16:34: Processing file: to-be-sorted/Frame59.png
2024-03-17 08:16:34: Error: horizontal_xCenter not found in description
2024-03-17 08:16:35: Error: vertical_yCenter not found in description
2024-03-17 08:16:35: Error: Missing xCenter or yCenter for to-be-sorted/Frame59.png
2024-03-17 08:16:35: Moved to-be-sorted/Frame59.png to brucehjohnson/MAPPED_NOT/Frame59.png
2024-03-17 08:16:35: ------
2024-03-17 08:16:35: Processing file: to-be-sorted/Frame59_1.png
2024-03-17 08:16:35: Error: horizontal_xCenter not found in description
2024-03-17 08:16:35: Error: vertical_yCenter not found in description
2024-03-17 08:16:35: Error: Missing xCenter or yCenter for to-be-sorted/Frame59_1.png
2024-03-17 08:16:35: Moved to-be-sorted/Frame59_1.png to brucehjohnson/MAPPED_NOT/Frame59_1.png
2024-03-17 08:16:35: ------
2024-03-17 08:16:35: Processing file: to-be-sorted/Frame60.png
2024-03-17 08:16:35: Error: horizontal_xCenter not found in description
2024-03-17 08:16:35: Error: vertical_yCenter not found in description
2024-03-17 08:16:35: Error: Missing xCenter or yCenter for to-be-sorted/Frame60.png
2024-03-17 08:16:35: Moved to-be-sorted/Frame60.png to brucehjohnson/MAPPED_NOT/Frame60.png
2024-03-17 08:16:35: ------
2024-03-17 08:16:35: Processing file: to-be-sorted/Frame60_1.png
2024-03-17 08:16:35: Error: horizontal_xCenter not found in description
2024-03-17 08:16:35: Error: vertical_yCenter not found in description
2024-03-17 08:16:35: Error: Missing xCenter or yCenter for to-be-sorted/Frame60_1.png
2024-03-17 08:16:35: Moved to-be-sorted/Frame60_1.png to brucehjohnson/MAPPED_NOT/Frame60_1.png
2024-03-17 08:16:35: ------
2024-03-17 08:16:35: Processing file: to-be-sorted/Image.png
2024-03-17 08:16:35: Error: horizontal_xCenter not found in description
2024-03-17 08:16:35: Error: vertical_yCenter not found in description
2024-03-17 08:16:35: Error: Missing xCenter or yCenter for to-be-sorted/Image.png
2024-03-17 08:16:35: Moved to-be-sorted/Image.png to brucehjohnson/MAPPED_NOT/Image.png
2024-03-17 08:16:35: ------
2024-03-17 08:16:35: Processing file: to-be-sorted/Left01.png
2024-03-17 08:16:35: Error: horizontal_xCenter not found in description
2024-03-17 08:16:35: Error: vertical_yCenter not found in description
2024-03-17 08:16:35: Error: Missing xCenter or yCenter for to-be-sorted/Left01.png
2024-03-17 08:16:35: Moved to-be-sorted/Left01.png to brucehjohnson/MAPPED_NOT/Left01.png
2024-03-17 08:16:35: ------
2024-03-17 08:16:35: Processing file: to-be-sorted/Lefts.png
2024-03-17 08:16:35: Error: horizontal_xCenter not found in description
2024-03-17 08:16:36: Error: vertical_yCenter not found in description
2024-03-17 08:16:36: Error: Missing xCenter or yCenter for to-be-sorted/Lefts.png
2024-03-17 08:16:36: Moved to-be-sorted/Lefts.png to brucehjohnson/MAPPED_NOT/Lefts.png
2024-03-17 08:16:36: ------
2024-03-17 08:16:36: Processing file: to-be-sorted/M11.png
2024-03-17 08:16:36: Error: horizontal_xCenter not found in description
2024-03-17 08:16:36: Error: vertical_yCenter not found in description
2024-03-17 08:16:36: Error: Missing xCenter or yCenter for to-be-sorted/M11.png
2024-03-17 08:16:36: Moved to-be-sorted/M11.png to brucehjohnson/MAPPED_NOT/M11.png
2024-03-17 08:16:36: ------
2024-03-17 08:16:36: Processing file: to-be-sorted/M14.png
2024-03-17 08:16:36: Error: horizontal_xCenter not found in description
2024-03-17 08:16:36: Error: vertical_yCenter not found in description
2024-03-17 08:16:36: Error: Missing xCenter or yCenter for to-be-sorted/M14.png
2024-03-17 08:16:36: Moved to-be-sorted/M14.png to brucehjohnson/MAPPED_NOT/M14.png
2024-03-17 08:16:36: ------
2024-03-17 08:16:36: Processing file: to-be-sorted/M15.png
2024-03-17 08:16:36: Error: horizontal_xCenter not found in description
2024-03-17 08:16:36: Error: vertical_yCenter not found in description
2024-03-17 08:16:36: Error: Missing xCenter or yCenter for to-be-sorted/M15.png
2024-03-17 08:16:36: Moved to-be-sorted/M15.png to brucehjohnson/MAPPED_NOT/M15.png
2024-03-17 08:16:36: ------
2024-03-17 08:16:36: Processing file: to-be-sorted/M8.png
2024-03-17 08:16:36: Error: horizontal_xCenter not found in description
2024-03-17 08:16:37: Error: vertical_yCenter not found in description
2024-03-17 08:16:37: Error: Missing xCenter or yCenter for to-be-sorted/M8.png
2024-03-17 08:16:37: Moved to-be-sorted/M8.png to brucehjohnson/MAPPED_NOT/M8.png
2024-03-17 08:16:37: ------
2024-03-17 08:16:37: Processing file: to-be-sorted/M9.png
2024-03-17 08:16:37: Error: horizontal_xCenter not found in description
2024-03-17 08:16:37: Error: vertical_yCenter not found in description
2024-03-17 08:16:37: Error: Missing xCenter or yCenter for to-be-sorted/M9.png
2024-03-17 08:16:37: Moved to-be-sorted/M9.png to brucehjohnson/MAPPED_NOT/M9.png
2024-03-17 08:16:37: ------
2024-03-17 08:16:37: Processing file: to-be-sorted/MamdArt06.png
2024-03-17 08:16:37: Error: horizontal_xCenter not found in description
2024-03-17 08:16:37: Error: vertical_yCenter not found in description
2024-03-17 08:16:37: Error: Missing xCenter or yCenter for to-be-sorted/MamdArt06.png
2024-03-17 08:16:37: Moved to-be-sorted/MamdArt06.png to brucehjohnson/MAPPED_NOT/MamdArt06.png
2024-03-17 08:16:37: ------
2024-03-17 08:16:37: Processing file: to-be-sorted/MandArt01.png
2024-03-17 08:16:37: Error: horizontal_xCenter not found in description
2024-03-17 08:16:37: Error: vertical_yCenter not found in description
2024-03-17 08:16:37: Error: Missing xCenter or yCenter for to-be-sorted/MandArt01.png
2024-03-17 08:16:37: Moved to-be-sorted/MandArt01.png to brucehjohnson/MAPPED_NOT/MandArt01.png
2024-03-17 08:16:37: ------
2024-03-17 08:16:37: Processing file: to-be-sorted/MandArt02.png
2024-03-17 08:16:37: Error: horizontal_xCenter not found in description
2024-03-17 08:16:37: Error: vertical_yCenter not found in description
2024-03-17 08:16:37: Error: Missing xCenter or yCenter for to-be-sorted/MandArt02.png
2024-03-17 08:16:37: Moved to-be-sorted/MandArt02.png to brucehjohnson/MAPPED_NOT/MandArt02.png
2024-03-17 08:16:37: ------
2024-03-17 08:16:37: Processing file: to-be-sorted/MandArt02_1.png
2024-03-17 08:16:37: Error: horizontal_xCenter not found in description
2024-03-17 08:16:37: Error: vertical_yCenter not found in description
2024-03-17 08:16:37: Error: Missing xCenter or yCenter for to-be-sorted/MandArt02_1.png
2024-03-17 08:16:37: Moved to-be-sorted/MandArt02_1.png to brucehjohnson/MAPPED_NOT/MandArt02_1.png
2024-03-17 08:16:37: ------
2024-03-17 08:16:37: Processing file: to-be-sorted/MandArt03.png
2024-03-17 08:16:37: Error: horizontal_xCenter not found in description
2024-03-17 08:16:37: Error: vertical_yCenter not found in description
2024-03-17 08:16:37: Error: Missing xCenter or yCenter for to-be-sorted/MandArt03.png
2024-03-17 08:16:37: Moved to-be-sorted/MandArt03.png to brucehjohnson/MAPPED_NOT/MandArt03.png
2024-03-17 08:16:37: ------
2024-03-17 08:16:37: Processing file: to-be-sorted/MandArt04.png
2024-03-17 08:16:38: Error: horizontal_xCenter not found in description
2024-03-17 08:16:38: Error: vertical_yCenter not found in description
2024-03-17 08:16:38: Error: Missing xCenter or yCenter for to-be-sorted/MandArt04.png
2024-03-17 08:16:38: Moved to-be-sorted/MandArt04.png to brucehjohnson/MAPPED_NOT/MandArt04.png
2024-03-17 08:16:38: ------
2024-03-17 08:16:38: Processing file: to-be-sorted/MandArt05.png
2024-03-17 08:16:38: Error: horizontal_xCenter not found in description
2024-03-17 08:16:38: Error: vertical_yCenter not found in description
2024-03-17 08:16:38: Error: Missing xCenter or yCenter for to-be-sorted/MandArt05.png
2024-03-17 08:16:38: Moved to-be-sorted/MandArt05.png to brucehjohnson/MAPPED_NOT/MandArt05.png
2024-03-17 08:16:38: ------
2024-03-17 08:16:38: Processing file: to-be-sorted/MandArt07.png
2024-03-17 08:16:38: Error: horizontal_xCenter not found in description
2024-03-17 08:16:38: Error: vertical_yCenter not found in description
2024-03-17 08:16:38: Error: Missing xCenter or yCenter for to-be-sorted/MandArt07.png
2024-03-17 08:16:38: Moved to-be-sorted/MandArt07.png to brucehjohnson/MAPPED_NOT/MandArt07.png
2024-03-17 08:16:38: ------
2024-03-17 08:16:38: Processing file: to-be-sorted/MandArt08.png
2024-03-17 08:16:38: Error: horizontal_xCenter not found in description
2024-03-17 08:16:38: Error: vertical_yCenter not found in description
2024-03-17 08:16:38: Error: Missing xCenter or yCenter for to-be-sorted/MandArt08.png
2024-03-17 08:16:38: Moved to-be-sorted/MandArt08.png to brucehjohnson/MAPPED_NOT/MandArt08.png
2024-03-17 08:16:38: ------
2024-03-17 08:16:38: Processing file: to-be-sorted/Rectangle1copy.png
2024-03-17 08:16:38: Error: horizontal_xCenter not found in description
2024-03-17 08:16:38: Error: vertical_yCenter not found in description
2024-03-17 08:16:38: Error: Missing xCenter or yCenter for to-be-sorted/Rectangle1copy.png
2024-03-17 08:16:38: Moved to-be-sorted/Rectangle1copy.png to brucehjohnson/MAPPED_NOT/Rectangle1copy.png
2024-03-17 08:16:38: ------
2024-03-17 08:16:38: Processing file: to-be-sorted/Rectangle2copy.png
2024-03-17 08:16:38: Error: horizontal_xCenter not found in description
2024-03-17 08:16:38: Error: vertical_yCenter not found in description
2024-03-17 08:16:38: Error: Missing xCenter or yCenter for to-be-sorted/Rectangle2copy.png
2024-03-17 08:16:38: Moved to-be-sorted/Rectangle2copy.png to brucehjohnson/MAPPED_NOT/Rectangle2copy.png
2024-03-17 08:16:38: ------
2024-03-17 08:16:38: Processing file: to-be-sorted/Rectangles.png
2024-03-17 08:16:38: Error: horizontal_xCenter not found in description
2024-03-17 08:16:38: Error: vertical_yCenter not found in description
2024-03-17 08:16:38: Error: Missing xCenter or yCenter for to-be-sorted/Rectangles.png
2024-03-17 08:16:38: Moved to-be-sorted/Rectangles.png to brucehjohnson/MAPPED_NOT/Rectangles.png
2024-03-17 08:16:38: ------
2024-03-17 08:16:38: Processing file: to-be-sorted/Round1.png
2024-03-17 08:16:38: Error: horizontal_xCenter not found in description
2024-03-17 08:16:39: Error: vertical_yCenter not found in description
2024-03-17 08:16:39: Error: Missing xCenter or yCenter for to-be-sorted/Round1.png
2024-03-17 08:16:39: Moved to-be-sorted/Round1.png to brucehjohnson/MAPPED_NOT/Round1.png
2024-03-17 08:16:39: ------
2024-03-17 08:16:39: Processing file: to-be-sorted/Rounds.png
2024-03-17 08:16:39: Error: horizontal_xCenter not found in description
2024-03-17 08:16:39: Error: vertical_yCenter not found in description
2024-03-17 08:16:39: Error: Missing xCenter or yCenter for to-be-sorted/Rounds.png
2024-03-17 08:16:39: Moved to-be-sorted/Rounds.png to brucehjohnson/MAPPED_NOT/Rounds.png
2024-03-17 08:16:39: ------
2024-03-17 08:16:39: Processing file: to-be-sorted/Screenshot2023-03-14at11.02.39AM.png
2024-03-17 08:16:39: Error: horizontal_xCenter not found in description
2024-03-17 08:16:39: Error: vertical_yCenter not found in description
2024-03-17 08:16:39: Error: Missing xCenter or yCenter for to-be-sorted/Screenshot2023-03-14at11.02.39AM.png
2024-03-17 08:16:39: Moved to-be-sorted/Screenshot2023-03-14at11.02.39AM.png to brucehjohnson/MAPPED_NOT/Screenshot2023-03-14at11.02.39AM.png
2024-03-17 08:16:39: ------
2024-03-17 08:16:39: Processing file: to-be-sorted/Seahorse.png
2024-03-17 08:16:39: Error: horizontal_xCenter not found in description
2024-03-17 08:16:39: Error: vertical_yCenter not found in description
2024-03-17 08:16:39: Error: Missing xCenter or yCenter for to-be-sorted/Seahorse.png
2024-03-17 08:16:39: Moved to-be-sorted/Seahorse.png to brucehjohnson/MAPPED_NOT/Seahorse.png
2024-03-17 08:16:39: ------
2024-03-17 08:16:39: Processing file: to-be-sorted/Seahorses.png
2024-03-17 08:16:39: Error: horizontal_xCenter not found in description
2024-03-17 08:16:39: Error: vertical_yCenter not found in description
2024-03-17 08:16:39: Error: Missing xCenter or yCenter for to-be-sorted/Seahorses.png
2024-03-17 08:16:39: Moved to-be-sorted/Seahorses.png to brucehjohnson/MAPPED_NOT/Seahorses.png
2024-03-17 08:16:39: ------
2024-03-17 08:16:39: Processing file: to-be-sorted/Spirals.png
2024-03-17 08:16:39: Error: horizontal_xCenter not found in description
2024-03-17 08:16:39: Error: vertical_yCenter not found in description
2024-03-17 08:16:39: Error: Missing xCenter or yCenter for to-be-sorted/Spirals.png
2024-03-17 08:16:39: Moved to-be-sorted/Spirals.png to brucehjohnson/MAPPED_NOT/Spirals.png
2024-03-17 08:16:39: ------
2024-03-17 08:16:39: Processing file: to-be-sorted/Swirl1Frame.png
2024-03-17 08:16:40: Error: horizontal_xCenter not found in description
2024-03-17 08:16:40: Error: vertical_yCenter not found in description
2024-03-17 08:16:40: Error: Missing xCenter or yCenter for to-be-sorted/Swirl1Frame.png
2024-03-17 08:16:40: Moved to-be-sorted/Swirl1Frame.png to brucehjohnson/MAPPED_NOT/Swirl1Frame.png
2024-03-17 08:16:40: ------
2024-03-17 08:16:40: Processing file: to-be-sorted/Swirl2Frame.png
2024-03-17 08:16:40: Error: horizontal_xCenter not found in description
2024-03-17 08:16:40: Error: vertical_yCenter not found in description
2024-03-17 08:16:40: Error: Missing xCenter or yCenter for to-be-sorted/Swirl2Frame.png
2024-03-17 08:16:40: Moved to-be-sorted/Swirl2Frame.png to brucehjohnson/MAPPED_NOT/Swirl2Frame.png
2024-03-17 08:16:40: ------
2024-03-17 08:16:40: Processing file: to-be-sorted/Swirls.png
2024-03-17 08:16:40: Error: horizontal_xCenter not found in description
2024-03-17 08:16:40: Error: vertical_yCenter not found in description
2024-03-17 08:16:40: Error: Missing xCenter or yCenter for to-be-sorted/Swirls.png
2024-03-17 08:16:40: Moved to-be-sorted/Swirls.png to brucehjohnson/MAPPED_NOT/Swirls.png
2024-03-17 08:16:40: ------
2024-03-17 08:16:40: Processing file: to-be-sorted/Top1.png
2024-03-17 08:16:40: Error: horizontal_xCenter not found in description
2024-03-17 08:16:40: Error: vertical_yCenter not found in description
2024-03-17 08:16:40: Error: Missing xCenter or yCenter for to-be-sorted/Top1.png
2024-03-17 08:16:40: Moved to-be-sorted/Top1.png to brucehjohnson/MAPPED_NOT/Top1.png
2024-03-17 08:16:40: ------
2024-03-17 08:16:40: Processing file: to-be-sorted/Tops.png
2024-03-17 08:16:40: Error: horizontal_xCenter not found in description
2024-03-17 08:16:40: Error: vertical_yCenter not found in description
2024-03-17 08:16:40: Error: Missing xCenter or yCenter for to-be-sorted/Tops.png
2024-03-17 08:16:40: Moved to-be-sorted/Tops.png to brucehjohnson/MAPPED_NOT/Tops.png
2024-03-17 08:16:40: ------
2024-03-17 08:16:40: Processing file: to-be-sorted/dmc.png
2024-03-17 08:16:40: Error: horizontal_xCenter not found in description
2024-03-17 08:16:40: Error: vertical_yCenter not found in description
2024-03-17 08:16:40: Error: Missing xCenter or yCenter for to-be-sorted/dmc.png
2024-03-17 08:16:40: Moved to-be-sorted/dmc.png to brucehjohnson/MAPPED_NOT/dmc.png
2024-03-17 08:16:40: Completed main() function
