2024-03-03 23:54:13: Generating index for brucehjohnson/MAPPED/Da01
2024-03-03 23:54:13: Index page generated for brucehjohnson/MAPPED/Da01
2024-03-03 23:54:13: Generating index for brucehjohnson/MAPPED/DaError: 2.90268339044 exceeds the maximum allowed value of 1.25.
2024-03-03 23:54:13: Index page generated for brucehjohnson/MAPPED/DaError: 2.90268339044 exceeds the maximum allowed value of 1.25.
2024-03-03 23:54:13: Generating index for brucehjohnson/MAPPED/Ea01
2024-03-03 23:54:13: Index page generated for brucehjohnson/MAPPED/Ea01
2024-03-03 23:54:13: Generating index for brucehjohnson/MAPPED/Ea02
2024-03-03 23:54:13: Index page generated for brucehjohnson/MAPPED/Ea02
2024-03-03 23:54:13: Generating index for brucehjohnson/MAPPED/Fa03
2024-03-03 23:54:13: Index page generated for brucehjohnson/MAPPED/Fa03
2024-03-03 23:54:13: Generating index for brucehjohnson/MAPPED/Ga02
2024-03-03 23:54:13: Index page generated for brucehjohnson/MAPPED/Ga02
2024-03-03 23:54:13: Generating index for brucehjohnson/MAPPED/Ga03
2024-03-03 23:54:13: Index page generated for brucehjohnson/MAPPED/Ga03
2024-03-03 23:54:13: Generating index for brucehjohnson/MAPPED/Ga09
2024-03-03 23:54:13: Index page generated for brucehjohnson/MAPPED/Ga09
2024-03-03 23:54:13: Generating index for brucehjohnson/MAPPED/Ha10
2024-03-03 23:54:13: Index page generated for brucehjohnson/MAPPED/Ha10
2024-03-03 23:54:13: Generating index for brucehjohnson/MAPPED/Ha11
2024-03-03 23:54:13: Index page generated for brucehjohnson/MAPPED/Ha11
2024-03-03 23:54:13: Generating index for brucehjohnson/MAPPED/Ia11
2024-03-03 23:54:13: Index page generated for brucehjohnson/MAPPED/Ia11
2024-03-03 23:54:13: Generating index for brucehjohnson/MAPPED/Ka02
2024-03-03 23:54:13: Index page generated for brucehjohnson/MAPPED/Ka02
2024-03-03 23:54:13: Generating index for brucehjohnson/MAPPED/Ka06
2024-03-03 23:54:13: Index page generated for brucehjohnson/MAPPED/Ka06
