2024-03-03 22:03:59: Running main() function
2024-03-03 22:03:59: Testing value: -2.26
2024-03-03 22:03:59: Value -2.26 maps to bucket Error: Unable to determine the primary bucket for xCenter -2.26.a
2024-03-03 22:03:59: Testing value: -2.25
2024-03-03 22:03:59: Value -2.25 maps to bucket Aa
2024-03-03 22:03:59: Testing value: -2.24999
2024-03-03 22:03:59: Value -2.24999 maps to bucket Aa
2024-03-03 22:03:59: Testing value: -1.0
2024-03-03 22:03:59: Value -1.0 maps to bucket Fa
2024-03-03 22:03:59: Testing value: 0.0
2024-03-03 22:03:59: Value 0.0 maps to bucket Ja
2024-03-03 22:03:59: Testing value: 0.749
2024-03-03 22:03:59: Value 0.749 maps to bucket La
2024-03-03 22:03:59: Testing value: 0.75
2024-03-03 22:04:00: Value 0.75 maps to bucket Error: Unable to determine the primary bucket for xCenter 0.75.a
2024-03-03 22:04:00: Testing value: -2.25
2024-03-03 22:04:00: Value -2.25 maps to bucket Aa
2024-03-03 22:04:00: Testing value: -2.00
2024-03-03 22:04:00: Value -2.00 maps to bucket Ba
2024-03-03 22:04:00: Testing value: -1.75
2024-03-03 22:04:00: Value -1.75 maps to bucket Ca
2024-03-03 22:04:00: Testing value: -1.50
2024-03-03 22:04:00: Value -1.50 maps to bucket Da
2024-03-03 22:04:00: Testing value: -1.25
2024-03-03 22:04:00: Value -1.25 maps to bucket Ea
2024-03-03 22:04:00: Testing value: -1.00
2024-03-03 22:04:00: Value -1.00 maps to bucket Fa
2024-03-03 22:04:00: Testing value: -0.75
2024-03-03 22:04:00: Value -0.75 maps to bucket Ga
2024-03-03 22:04:00: Testing value: -0.50
2024-03-03 22:04:00: Value -0.50 maps to bucket Ha
2024-03-03 22:04:00: Testing value: -0.25
2024-03-03 22:04:00: Value -0.25 maps to bucket Ia
2024-03-03 22:04:00: Testing value: 0.00
2024-03-03 22:04:00: Value 0.00 maps to bucket Ja
2024-03-03 22:04:00: Testing value: 0.25
2024-03-03 22:04:00: Value 0.25 maps to bucket Ka
2024-03-03 22:04:00: Testing value: 0.50
2024-03-03 22:04:00: Value 0.50 maps to bucket La
2024-03-03 22:04:00: Testing value: 0.75
2024-03-03 22:04:00: Value 0.75 maps to bucket Error: Unable to determine the primary bucket for xCenter 0.75.a
2024-03-03 22:04:00: Completed main() function
